<?xml version="1.0" encoding="UTF-8"?>
<!-- Generated by org.testng.reporters.JUnitXMLReporter -->
<testsuite hostname="LAPTOP-I956N8A5" name="Test" tests="1" failures="1" timestamp="13 Mar 2020 13:35:43 GMT" time="0.058" errors="0">
  <testcase name="tc1" time="0.022" classname="testNG.Crossbrow">
    <failure type="java.lang.NullPointerException">
      <![CDATA[java.lang.NullPointerException
	at testNG.Crossbrow.tc1(Crossbrow.java:22)
... Removed 24 stack frames]]>
    </failure>
  </testcase> <!-- tc1 -->
</testsuite> <!-- Test -->
